C:\USERS\CHEN\DOCUMENTS\VISUAL STUDIO 2012\PROJECTS\TOKENIZER\TOKENIZER\DEBUG\NFA.OBJ
C:\USERS\CHEN\DOCUMENTS\VISUAL STUDIO 2012\PROJECTS\TOKENIZER\TOKENIZER\DEBUG\RETREE.OBJ
C:\USERS\CHEN\DOCUMENTS\VISUAL STUDIO 2012\PROJECTS\TOKENIZER\TOKENIZER\DEBUG\VC110.PDB
C:\USERS\CHEN\DOCUMENTS\VISUAL STUDIO 2012\PROJECTS\TOKENIZER\TOKENIZER\DEBUG\MAIN.OBJ
C:\USERS\CHEN\DOCUMENTS\VISUAL STUDIO 2012\PROJECTS\TOKENIZER\TOKENIZER\DEBUG\DFA.OBJ
C:\Users\chen\documents\visual studio 2012\Projects\tokenizer\tokenizer\Debug\DFA.obj
C:\Users\chen\documents\visual studio 2012\Projects\tokenizer\tokenizer\Debug\main.obj
C:\Users\chen\documents\visual studio 2012\Projects\tokenizer\tokenizer\Debug\NFA.obj
C:\Users\chen\documents\visual studio 2012\Projects\tokenizer\tokenizer\Debug\ReTree.obj
C:\Users\chen\documents\visual studio 2012\Projects\tokenizer\tokenizer\Debug\cl.command.1.tlog
C:\Users\chen\documents\visual studio 2012\Projects\tokenizer\tokenizer\Debug\CL.read.1.tlog
C:\Users\chen\documents\visual studio 2012\Projects\tokenizer\tokenizer\Debug\CL.write.1.tlog
C:\Users\chen\documents\visual studio 2012\Projects\tokenizer\tokenizer\Debug\link-cvtres.read.1.tlog
C:\Users\chen\documents\visual studio 2012\Projects\tokenizer\tokenizer\Debug\link-cvtres.write.1.tlog
C:\Users\chen\documents\visual studio 2012\Projects\tokenizer\tokenizer\Debug\link-rc.read.1.tlog
C:\Users\chen\documents\visual studio 2012\Projects\tokenizer\tokenizer\Debug\link-rc.write.1.tlog
C:\Users\chen\documents\visual studio 2012\Projects\tokenizer\tokenizer\Debug\link.11580-cvtres.read.1.tlog
C:\Users\chen\documents\visual studio 2012\Projects\tokenizer\tokenizer\Debug\link.11580-cvtres.write.1.tlog
C:\Users\chen\documents\visual studio 2012\Projects\tokenizer\tokenizer\Debug\link.11580-rc.read.1.tlog
C:\Users\chen\documents\visual studio 2012\Projects\tokenizer\tokenizer\Debug\link.11580-rc.write.1.tlog
C:\Users\chen\documents\visual studio 2012\Projects\tokenizer\tokenizer\Debug\link.11580.read.1.tlog
C:\Users\chen\documents\visual studio 2012\Projects\tokenizer\tokenizer\Debug\link.11580.write.1.tlog
C:\Users\chen\documents\visual studio 2012\Projects\tokenizer\tokenizer\Debug\link.13620-cvtres.read.1.tlog
C:\Users\chen\documents\visual studio 2012\Projects\tokenizer\tokenizer\Debug\link.13620-cvtres.write.1.tlog
C:\Users\chen\documents\visual studio 2012\Projects\tokenizer\tokenizer\Debug\link.13620-rc.read.1.tlog
C:\Users\chen\documents\visual studio 2012\Projects\tokenizer\tokenizer\Debug\link.13620-rc.write.1.tlog
C:\Users\chen\documents\visual studio 2012\Projects\tokenizer\tokenizer\Debug\link.13620.read.1.tlog
C:\Users\chen\documents\visual studio 2012\Projects\tokenizer\tokenizer\Debug\link.13620.write.1.tlog
C:\Users\chen\documents\visual studio 2012\Projects\tokenizer\tokenizer\Debug\link.8608-cvtres.read.1.tlog
C:\Users\chen\documents\visual studio 2012\Projects\tokenizer\tokenizer\Debug\link.8608-cvtres.write.1.tlog
C:\Users\chen\documents\visual studio 2012\Projects\tokenizer\tokenizer\Debug\link.8608-rc.read.1.tlog
C:\Users\chen\documents\visual studio 2012\Projects\tokenizer\tokenizer\Debug\link.8608-rc.write.1.tlog
C:\Users\chen\documents\visual studio 2012\Projects\tokenizer\tokenizer\Debug\link.8608.read.1.tlog
C:\Users\chen\documents\visual studio 2012\Projects\tokenizer\tokenizer\Debug\link.8608.write.1.tlog
C:\Users\chen\documents\visual studio 2012\Projects\tokenizer\tokenizer\Debug\link.command.1.tlog
C:\Users\chen\documents\visual studio 2012\Projects\tokenizer\tokenizer\Debug\link.read.1.tlog
C:\Users\chen\documents\visual studio 2012\Projects\tokenizer\tokenizer\Debug\link.write.1.tlog
C:\Users\chen\documents\visual studio 2012\Projects\tokenizer\tokenizer\Debug\vc110.idb
C:\Users\chen\documents\visual studio 2012\Projects\tokenizer\tokenizer\Debug\vc110.pdb
C:\Users\chen\documents\visual studio 2012\Projects\tokenizer\Debug\tokenizer.pdb
